CRITICAL - 2025-05-07 02:02:17 --> CodeIgniter\View\Exceptions\ViewException: Invalid file: "returns.php"
[Method: GET, Route: returns]
in SYSTEMPATH\Exceptions\FrameworkException.php on line 39.
 1 SYSTEMPATH\View\View.php(212): CodeIgniter\Exceptions\FrameworkException::forInvalidFile('returns.php')
 2 SYSTEMPATH\Common.php(1173): CodeIgniter\View\View->render('returns', [], true)
 3 APPPATH\Controllers\Returns.php(11): view('returns')
 4 SYSTEMPATH\CodeIgniter.php(933): App\Controllers\Returns->index()
 5 SYSTEMPATH\CodeIgniter.php(507): CodeIgniter\CodeIgniter->runController(Object(App\Controllers\Returns))
 6 SYSTEMPATH\CodeIgniter.php(354): CodeIgniter\CodeIgniter->handleRequest(null, Object(Config\Cache), false)
 7 SYSTEMPATH\Boot.php(334): CodeIgniter\CodeIgniter->run()
 8 SYSTEMPATH\Boot.php(67): CodeIgniter\Boot::runCodeIgniter(Object(CodeIgniter\CodeIgniter))
 9 FCPATH\index.php(56): CodeIgniter\Boot::bootWeb(Object(Config\Paths))
CRITICAL - 2025-05-07 02:03:31 --> CodeIgniter\View\Exceptions\ViewException: Invalid file: "returns.php"
[Method: GET, Route: returns]
in SYSTEMPATH\Exceptions\FrameworkException.php on line 39.
 1 SYSTEMPATH\View\View.php(212): CodeIgniter\Exceptions\FrameworkException::forInvalidFile('returns.php')
 2 SYSTEMPATH\Common.php(1173): CodeIgniter\View\View->render('returns', [], true)
 3 APPPATH\Controllers\Returns.php(9): view('returns')
 4 SYSTEMPATH\CodeIgniter.php(933): App\Controllers\Returns->index()
 5 SYSTEMPATH\CodeIgniter.php(507): CodeIgniter\CodeIgniter->runController(Object(App\Controllers\Returns))
 6 SYSTEMPATH\CodeIgniter.php(354): CodeIgniter\CodeIgniter->handleRequest(null, Object(Config\Cache), false)
 7 SYSTEMPATH\Boot.php(334): CodeIgniter\CodeIgniter->run()
 8 SYSTEMPATH\Boot.php(67): CodeIgniter\Boot::runCodeIgniter(Object(CodeIgniter\CodeIgniter))
 9 FCPATH\index.php(56): CodeIgniter\Boot::bootWeb(Object(Config\Paths))
